2025-06-07T16:25:08.923+05:30  INFO 39860 --- [zero-mile-delivery] [restartedMain] c.t.z.ZeroMileDeliveryApplication        : Starting ZeroMileDeliveryApplication using Java 21.0.4 with PID 39860 (C:\Users\91938\eclipse-workspace\aws-internship\zero-mile-delivery\target\classes started by 91938 in C:\Users\91938\eclipse-workspace\aws-internship\zero-mile-delivery)
2025-06-07T16:25:08.926+05:30 DEBUG 39860 --- [zero-mile-delivery] [restartedMain] c.t.z.ZeroMileDeliveryApplication        : Running with Spring Boot v3.5.0, Spring v6.2.7
2025-06-07T16:25:08.927+05:30  INFO 39860 --- [zero-mile-delivery] [restartedMain] c.t.z.ZeroMileDeliveryApplication        : No active profile set, falling back to 1 default profile: "default"
2025-06-07T16:25:08.973+05:30  INFO 39860 --- [zero-mile-delivery] [restartedMain] .e.DevToolsPropertyDefaultsPostProcessor : Devtools property defaults active! Set 'spring.devtools.add-properties' to 'false' to disable
2025-06-07T16:25:08.973+05:30  INFO 39860 --- [zero-mile-delivery] [restartedMain] .e.DevToolsPropertyDefaultsPostProcessor : For additional web related logging consider setting the 'logging.level.web' property to 'DEBUG'
2025-06-07T16:25:09.628+05:30  INFO 39860 --- [zero-mile-delivery] [restartedMain] .s.d.r.c.RepositoryConfigurationDelegate : Bootstrapping Spring Data JPA repositories in DEFAULT mode.
2025-06-07T16:25:09.689+05:30  INFO 39860 --- [zero-mile-delivery] [restartedMain] .s.d.r.c.RepositoryConfigurationDelegate : Finished Spring Data repository scanning in 50 ms. Found 1 JPA repository interface.
2025-06-07T16:25:10.119+05:30  INFO 39860 --- [zero-mile-delivery] [restartedMain] o.s.b.w.embedded.tomcat.TomcatWebServer  : Tomcat initialized with port 8080 (http)
2025-06-07T16:25:10.131+05:30  INFO 39860 --- [zero-mile-delivery] [restartedMain] o.apache.catalina.core.StandardService   : Starting service [Tomcat]
2025-06-07T16:25:10.132+05:30  INFO 39860 --- [zero-mile-delivery] [restartedMain] o.apache.catalina.core.StandardEngine    : Starting Servlet engine: [Apache Tomcat/10.1.41]
2025-06-07T16:25:10.176+05:30  INFO 39860 --- [zero-mile-delivery] [restartedMain] o.a.c.c.C.[Tomcat].[localhost].[/]       : Initializing Spring embedded WebApplicationContext
2025-06-07T16:25:10.177+05:30  INFO 39860 --- [zero-mile-delivery] [restartedMain] w.s.c.ServletWebServerApplicationContext : Root WebApplicationContext: initialization completed in 1203 ms
2025-06-07T16:25:10.316+05:30  INFO 39860 --- [zero-mile-delivery] [restartedMain] o.hibernate.jpa.internal.util.LogHelper  : HHH000204: Processing PersistenceUnitInfo [name: default]
2025-06-07T16:25:10.378+05:30  INFO 39860 --- [zero-mile-delivery] [restartedMain] org.hibernate.Version                    : HHH000412: Hibernate ORM core version 6.6.15.Final
2025-06-07T16:25:10.411+05:30  INFO 39860 --- [zero-mile-delivery] [restartedMain] o.h.c.internal.RegionFactoryInitiator    : HHH000026: Second-level cache disabled
2025-06-07T16:25:10.671+05:30  INFO 39860 --- [zero-mile-delivery] [restartedMain] o.s.o.j.p.SpringPersistenceUnitInfo      : No LoadTimeWeaver setup: ignoring JPA class transformer
2025-06-07T16:25:10.698+05:30  INFO 39860 --- [zero-mile-delivery] [restartedMain] com.zaxxer.hikari.HikariDataSource       : HikariPool-1 - Starting...
2025-06-07T16:25:10.867+05:30  INFO 39860 --- [zero-mile-delivery] [restartedMain] com.zaxxer.hikari.pool.HikariPool        : HikariPool-1 - Added connection conn0: url=jdbc:h2:mem:zeromile user=SA
2025-06-07T16:25:10.869+05:30  INFO 39860 --- [zero-mile-delivery] [restartedMain] com.zaxxer.hikari.HikariDataSource       : HikariPool-1 - Start completed.
2025-06-07T16:25:10.895+05:30  WARN 39860 --- [zero-mile-delivery] [restartedMain] org.hibernate.orm.deprecation            : HHH90000025: H2Dialect does not need to be specified explicitly using 'hibernate.dialect' (remove the property setting and it will be selected by default)
2025-06-07T16:25:10.915+05:30  INFO 39860 --- [zero-mile-delivery] [restartedMain] org.hibernate.orm.connections.pooling    : HHH10001005: Database info:
	Database JDBC URL [Connecting through datasource 'HikariDataSource (HikariPool-1)']
	Database driver: undefined/unknown
	Database version: 2.3.232
	Autocommit mode: undefined/unknown
	Isolation level: undefined/unknown
	Minimum pool size: undefined/unknown
	Maximum pool size: undefined/unknown
2025-06-07T16:25:11.642+05:30  INFO 39860 --- [zero-mile-delivery] [restartedMain] o.h.e.t.j.p.i.JtaPlatformInitiator       : HHH000489: No JTA platform available (set 'hibernate.transaction.jta.platform' to enable JTA platform integration)
2025-06-07T16:25:11.699+05:30  INFO 39860 --- [zero-mile-delivery] [restartedMain] j.LocalContainerEntityManagerFactoryBean : Initialized JPA EntityManagerFactory for persistence unit 'default'
2025-06-07T16:25:11.998+05:30  WARN 39860 --- [zero-mile-delivery] [restartedMain] JpaBaseConfiguration$JpaWebConfiguration : spring.jpa.open-in-view is enabled by default. Therefore, database queries may be performed during view rendering. Explicitly configure spring.jpa.open-in-view to disable this warning
2025-06-07T16:25:12.244+05:30  INFO 39860 --- [zero-mile-delivery] [restartedMain] o.s.b.a.h2.H2ConsoleAutoConfiguration    : H2 console available at '/h2-console'. Database available at 'jdbc:h2:mem:zeromile'
2025-06-07T16:25:12.300+05:30  INFO 39860 --- [zero-mile-delivery] [restartedMain] o.s.b.d.a.OptionalLiveReloadServer       : LiveReload server is running on port 35729
2025-06-07T16:25:12.337+05:30  INFO 39860 --- [zero-mile-delivery] [restartedMain] o.s.b.w.embedded.tomcat.TomcatWebServer  : Tomcat started on port 8080 (http) with context path '/'
2025-06-07T16:25:12.345+05:30  INFO 39860 --- [zero-mile-delivery] [restartedMain] c.t.z.ZeroMileDeliveryApplication        : Started ZeroMileDeliveryApplication in 3.866 seconds (process running for 4.677)
2025-06-07T16:25:32.720+05:30  INFO 39860 --- [zero-mile-delivery] [http-nio-8080-exec-3] o.a.c.c.C.[Tomcat].[localhost].[/]       : Initializing Spring DispatcherServlet 'dispatcherServlet'
2025-06-07T16:25:32.721+05:30  INFO 39860 --- [zero-mile-delivery] [http-nio-8080-exec-3] o.s.web.servlet.DispatcherServlet        : Initializing Servlet 'dispatcherServlet'
2025-06-07T16:25:32.724+05:30  INFO 39860 --- [zero-mile-delivery] [http-nio-8080-exec-3] o.s.web.servlet.DispatcherServlet        : Completed initialization in 3 ms
2025-06-07T16:25:32.831+05:30  WARN 39860 --- [zero-mile-delivery] [http-nio-8080-exec-3] .m.m.a.ExceptionHandlerExceptionResolver : Resolved [org.springframework.web.servlet.resource.NoResourceFoundException: No static resource .]
2025-06-07T16:25:32.897+05:30  WARN 39860 --- [zero-mile-delivery] [http-nio-8080-exec-2] .m.m.a.ExceptionHandlerExceptionResolver : Resolved [org.springframework.web.servlet.resource.NoResourceFoundException: No static resource favicon.ico.]
2025-06-07T16:26:42.416+05:30  INFO 39860 --- [zero-mile-delivery] [http-nio-8080-exec-5] c.t.zeromile.service.ParcelService       : Fetching all parcels
2025-06-07T16:27:13.349+05:30 DEBUG 39860 --- [zero-mile-delivery] [http-nio-8080-exec-8] c.t.zeromile.service.ParcelService       : Fetching parcel with tracking number: trackingNumber
2025-06-07T16:27:13.372+05:30 ERROR 39860 --- [zero-mile-delivery] [http-nio-8080-exec-8] c.t.zeromile.service.ParcelService       : Parcel not found with tracking number: trackingNumber
2025-06-07T16:27:13.379+05:30  WARN 39860 --- [zero-mile-delivery] [http-nio-8080-exec-8] .m.m.a.ExceptionHandlerExceptionResolver : Resolved [com.techeazy.zeromile.exception.ParcelNotFoundException: Parcel not found with tracking number:trackingNumber]
2025-06-07T18:07:08.556+05:30  INFO 39860 --- [zero-mile-delivery] [http-nio-8080-exec-5] c.t.zeromile.service.ParcelService       : Fetching all parcels
2025-06-07T18:07:10.638+05:30  INFO 39860 --- [zero-mile-delivery] [http-nio-8080-exec-6] c.t.zeromile.service.ParcelService       : Fetching all parcels
2025-06-07T18:08:11.958+05:30  INFO 39860 --- [zero-mile-delivery] [http-nio-8080-exec-9] c.t.zeromile.service.ParcelService       : Fetching all parcels
2025-06-07T18:08:11.982+05:30  INFO 39860 --- [zero-mile-delivery] [http-nio-8080-exec-10] c.t.zeromile.service.ParcelService       : Fetching all parcels
2025-06-07T18:11:51.123+05:30  INFO 39860 --- [zero-mile-delivery] [RMI TCP Connection(117)-127.0.0.1] inMXBeanRegistrar$SpringApplicationAdmin : Application shutdown requested.
2025-06-07T18:11:51.953+05:30  INFO 39860 --- [zero-mile-delivery] [RMI TCP Connection(117)-127.0.0.1] o.s.b.w.e.tomcat.GracefulShutdown        : Commencing graceful shutdown. Waiting for active requests to complete
2025-06-07T18:11:52.478+05:30  INFO 39860 --- [zero-mile-delivery] [tomcat-shutdown] o.s.b.w.e.tomcat.GracefulShutdown        : Graceful shutdown complete
2025-06-07T18:11:52.618+05:30  INFO 39860 --- [zero-mile-delivery] [RMI TCP Connection(117)-127.0.0.1] j.LocalContainerEntityManagerFactoryBean : Closing JPA EntityManagerFactory for persistence unit 'default'
2025-06-07T18:11:52.864+05:30  WARN 39860 --- [zero-mile-delivery] [RMI TCP Connection(117)-127.0.0.1] o.s.b.f.support.DisposableBeanAdapter    : Invocation of destroy method failed on bean with name 'inMemoryDatabaseShutdownExecutor': org.h2.jdbc.JdbcSQLNonTransientConnectionException: Database is already closed (to disable automatic closing at VM shutdown, add ";DB_CLOSE_ON_EXIT=FALSE" to the db URL) [90121-232]
2025-06-07T18:11:52.867+05:30  INFO 39860 --- [zero-mile-delivery] [RMI TCP Connection(117)-127.0.0.1] com.zaxxer.hikari.HikariDataSource       : HikariPool-1 - Shutdown initiated...
2025-06-07T18:11:52.897+05:30  INFO 39860 --- [zero-mile-delivery] [RMI TCP Connection(117)-127.0.0.1] com.zaxxer.hikari.HikariDataSource       : HikariPool-1 - Shutdown completed.
2025-06-07T18:14:47.593+05:30  INFO 48732 --- [zero-mile-delivery] [restartedMain] c.t.z.ZeroMileDeliveryApplication        : Starting ZeroMileDeliveryApplication using Java 21.0.4 with PID 48732 (C:\Users\91938\eclipse-workspace\aws-internship\zero-mile-delivery\target\classes started by 91938 in C:\Users\91938\eclipse-workspace\aws-internship\zero-mile-delivery)
2025-06-07T18:14:47.595+05:30 DEBUG 48732 --- [zero-mile-delivery] [restartedMain] c.t.z.ZeroMileDeliveryApplication        : Running with Spring Boot v3.5.0, Spring v6.2.7
2025-06-07T18:14:47.596+05:30  INFO 48732 --- [zero-mile-delivery] [restartedMain] c.t.z.ZeroMileDeliveryApplication        : No active profile set, falling back to 1 default profile: "default"
2025-06-07T18:14:47.663+05:30  INFO 48732 --- [zero-mile-delivery] [restartedMain] .e.DevToolsPropertyDefaultsPostProcessor : Devtools property defaults active! Set 'spring.devtools.add-properties' to 'false' to disable
2025-06-07T18:14:47.663+05:30  INFO 48732 --- [zero-mile-delivery] [restartedMain] .e.DevToolsPropertyDefaultsPostProcessor : For additional web related logging consider setting the 'logging.level.web' property to 'DEBUG'
2025-06-07T18:14:49.074+05:30  INFO 48732 --- [zero-mile-delivery] [restartedMain] .s.d.r.c.RepositoryConfigurationDelegate : Bootstrapping Spring Data JPA repositories in DEFAULT mode.
2025-06-07T18:14:49.228+05:30  INFO 48732 --- [zero-mile-delivery] [restartedMain] .s.d.r.c.RepositoryConfigurationDelegate : Finished Spring Data repository scanning in 131 ms. Found 1 JPA repository interface.
2025-06-07T18:14:50.455+05:30  INFO 48732 --- [zero-mile-delivery] [restartedMain] o.s.b.w.embedded.tomcat.TomcatWebServer  : Tomcat initialized with port 8080 (http)
2025-06-07T18:14:50.490+05:30  INFO 48732 --- [zero-mile-delivery] [restartedMain] o.apache.catalina.core.StandardService   : Starting service [Tomcat]
2025-06-07T18:14:50.491+05:30  INFO 48732 --- [zero-mile-delivery] [restartedMain] o.apache.catalina.core.StandardEngine    : Starting Servlet engine: [Apache Tomcat/10.1.41]
2025-06-07T18:14:50.610+05:30  INFO 48732 --- [zero-mile-delivery] [restartedMain] o.a.c.c.C.[Tomcat].[localhost].[/]       : Initializing Spring embedded WebApplicationContext
2025-06-07T18:14:50.612+05:30  INFO 48732 --- [zero-mile-delivery] [restartedMain] w.s.c.ServletWebServerApplicationContext : Root WebApplicationContext: initialization completed in 2947 ms
2025-06-07T18:14:50.990+05:30  INFO 48732 --- [zero-mile-delivery] [restartedMain] o.hibernate.jpa.internal.util.LogHelper  : HHH000204: Processing PersistenceUnitInfo [name: default]
2025-06-07T18:14:51.145+05:30  INFO 48732 --- [zero-mile-delivery] [restartedMain] org.hibernate.Version                    : HHH000412: Hibernate ORM core version 6.6.15.Final
2025-06-07T18:14:51.233+05:30  INFO 48732 --- [zero-mile-delivery] [restartedMain] o.h.c.internal.RegionFactoryInitiator    : HHH000026: Second-level cache disabled
2025-06-07T18:14:51.909+05:30  INFO 48732 --- [zero-mile-delivery] [restartedMain] o.s.o.j.p.SpringPersistenceUnitInfo      : No LoadTimeWeaver setup: ignoring JPA class transformer
2025-06-07T18:14:51.969+05:30  INFO 48732 --- [zero-mile-delivery] [restartedMain] com.zaxxer.hikari.HikariDataSource       : HikariPool-1 - Starting...
2025-06-07T18:14:52.388+05:30  INFO 48732 --- [zero-mile-delivery] [restartedMain] com.zaxxer.hikari.pool.HikariPool        : HikariPool-1 - Added connection conn0: url=jdbc:h2:mem:zeromile user=SA
2025-06-07T18:14:52.390+05:30  INFO 48732 --- [zero-mile-delivery] [restartedMain] com.zaxxer.hikari.HikariDataSource       : HikariPool-1 - Start completed.
2025-06-07T18:14:52.436+05:30  WARN 48732 --- [zero-mile-delivery] [restartedMain] org.hibernate.orm.deprecation            : HHH90000025: H2Dialect does not need to be specified explicitly using 'hibernate.dialect' (remove the property setting and it will be selected by default)
2025-06-07T18:14:52.470+05:30  INFO 48732 --- [zero-mile-delivery] [restartedMain] org.hibernate.orm.connections.pooling    : HHH10001005: Database info:
	Database JDBC URL [Connecting through datasource 'HikariDataSource (HikariPool-1)']
	Database driver: undefined/unknown
	Database version: 2.3.232
	Autocommit mode: undefined/unknown
	Isolation level: undefined/unknown
	Minimum pool size: undefined/unknown
	Maximum pool size: undefined/unknown
2025-06-07T18:14:54.026+05:30  INFO 48732 --- [zero-mile-delivery] [restartedMain] o.h.e.t.j.p.i.JtaPlatformInitiator       : HHH000489: No JTA platform available (set 'hibernate.transaction.jta.platform' to enable JTA platform integration)
2025-06-07T18:14:54.105+05:30  INFO 48732 --- [zero-mile-delivery] [restartedMain] j.LocalContainerEntityManagerFactoryBean : Initialized JPA EntityManagerFactory for persistence unit 'default'
2025-06-07T18:14:54.831+05:30  WARN 48732 --- [zero-mile-delivery] [restartedMain] JpaBaseConfiguration$JpaWebConfiguration : spring.jpa.open-in-view is enabled by default. Therefore, database queries may be performed during view rendering. Explicitly configure spring.jpa.open-in-view to disable this warning
2025-06-07T18:14:55.229+05:30  INFO 48732 --- [zero-mile-delivery] [restartedMain] o.s.b.a.h2.H2ConsoleAutoConfiguration    : H2 console available at '/h2-console'. Database available at 'jdbc:h2:mem:zeromile'
2025-06-07T18:14:55.357+05:30  INFO 48732 --- [zero-mile-delivery] [restartedMain] o.s.b.d.a.OptionalLiveReloadServer       : LiveReload server is running on port 35729
2025-06-07T18:14:55.453+05:30  INFO 48732 --- [zero-mile-delivery] [restartedMain] o.s.b.w.embedded.tomcat.TomcatWebServer  : Tomcat started on port 8080 (http) with context path '/'
2025-06-07T18:14:55.473+05:30  INFO 48732 --- [zero-mile-delivery] [restartedMain] c.t.z.ZeroMileDeliveryApplication        : Started ZeroMileDeliveryApplication in 8.743 seconds (process running for 10.618)
2025-06-07T18:17:23.510+05:30  INFO 48732 --- [zero-mile-delivery] [http-nio-8080-exec-1] o.a.c.c.C.[Tomcat].[localhost].[/]       : Initializing Spring DispatcherServlet 'dispatcherServlet'
2025-06-07T18:17:23.525+05:30  INFO 48732 --- [zero-mile-delivery] [http-nio-8080-exec-1] o.s.web.servlet.DispatcherServlet        : Initializing Servlet 'dispatcherServlet'
2025-06-07T18:17:23.597+05:30  INFO 48732 --- [zero-mile-delivery] [http-nio-8080-exec-1] o.s.web.servlet.DispatcherServlet        : Completed initialization in 71 ms
2025-06-07T18:17:23.894+05:30  INFO 48732 --- [zero-mile-delivery] [http-nio-8080-exec-1] c.t.zeromile.service.ParcelService       : Fetching all parcels
2025-06-07T18:17:24.383+05:30  INFO 48732 --- [zero-mile-delivery] [http-nio-8080-exec-2] c.t.zeromile.service.ParcelService       : Fetching all parcels
2025-06-07T18:17:49.696+05:30  INFO 48732 --- [zero-mile-delivery] [http-nio-8080-exec-5] c.t.zeromile.service.ParcelService       : Fetching all parcels
2025-06-07T18:17:58.196+05:30  WARN 48732 --- [zero-mile-delivery] [http-nio-8080-exec-8] .m.m.a.ExceptionHandlerExceptionResolver : Resolved [org.springframework.web.servlet.resource.NoResourceFoundException: No static resource .]
2025-06-07T18:20:40.710+05:30  INFO 48732 --- [zero-mile-delivery] [http-nio-8080-exec-1] c.t.zeromile.service.ParcelService       : Fetching all parcels
2025-06-07T18:20:40.725+05:30  INFO 48732 --- [zero-mile-delivery] [http-nio-8080-exec-2] c.t.zeromile.service.ParcelService       : Fetching all parcels
2025-06-07T18:21:46.856+05:30  INFO 48732 --- [zero-mile-delivery] [http-nio-8080-exec-4] c.t.zeromile.service.ParcelService       : Fetching all parcels
2025-06-07T18:21:46.881+05:30  INFO 48732 --- [zero-mile-delivery] [http-nio-8080-exec-5] c.t.zeromile.service.ParcelService       : Fetching all parcels
2025-06-07T18:21:53.192+05:30  INFO 48732 --- [zero-mile-delivery] [http-nio-8080-exec-8] c.t.zeromile.service.ParcelService       : Fetching all parcels
2025-06-07T18:21:53.200+05:30  INFO 48732 --- [zero-mile-delivery] [http-nio-8080-exec-9] c.t.zeromile.service.ParcelService       : Fetching all parcels
2025-06-07T18:22:13.897+05:30  INFO 48732 --- [zero-mile-delivery] [http-nio-8080-exec-1] c.t.zeromile.service.ParcelService       : Fetching all parcels
2025-06-07T18:22:13.921+05:30  INFO 48732 --- [zero-mile-delivery] [http-nio-8080-exec-2] c.t.zeromile.service.ParcelService       : Fetching all parcels
2025-06-07T18:26:11.265+05:30  WARN 48732 --- [zero-mile-delivery] [http-nio-8080-exec-5] .m.m.a.ExceptionHandlerExceptionResolver : Resolved [org.springframework.http.converter.HttpMessageNotReadableException: JSON parse error: Cannot deserialize value of type `java.lang.Double` from String "MEDIUM": not a valid `Double` value]
2025-06-07T18:27:14.491+05:30  INFO 48732 --- [zero-mile-delivery] [http-nio-8080-exec-7] c.t.zeromile.service.ParcelService       : Fetching all parcels
2025-06-07T18:27:18.851+05:30  INFO 48732 --- [zero-mile-delivery] [http-nio-8080-exec-6] c.t.zeromile.service.ParcelService       : Fetching all parcels
2025-06-07T18:27:27.680+05:30  WARN 48732 --- [zero-mile-delivery] [http-nio-8080-exec-10] .m.m.a.ExceptionHandlerExceptionResolver : Resolved [org.springframework.http.converter.HttpMessageNotReadableException: JSON parse error: Cannot deserialize value of type `java.lang.Double` from String "MEDIUM": not a valid `Double` value]
2025-06-07T18:29:41.281+05:30  INFO 48732 --- [zero-mile-delivery] [File Watcher] rtingClassPathChangeChangedEventListener : Restarting due to 3 class path changes (0 additions, 0 deletions, 3 modifications)
2025-06-07T18:29:41.420+05:30  INFO 48732 --- [zero-mile-delivery] [Thread-5] o.s.b.w.e.tomcat.GracefulShutdown        : Commencing graceful shutdown. Waiting for active requests to complete
2025-06-07T18:29:41.521+05:30  INFO 48732 --- [zero-mile-delivery] [tomcat-shutdown] o.s.b.w.e.tomcat.GracefulShutdown        : Graceful shutdown complete
2025-06-07T18:29:41.597+05:30  INFO 48732 --- [zero-mile-delivery] [Thread-5] j.LocalContainerEntityManagerFactoryBean : Closing JPA EntityManagerFactory for persistence unit 'default'
2025-06-07T18:29:42.426+05:30  WARN 48732 --- [zero-mile-delivery] [Thread-5] o.s.b.f.support.DisposableBeanAdapter    : Invocation of destroy method failed on bean with name 'inMemoryDatabaseShutdownExecutor': org.h2.jdbc.JdbcSQLNonTransientConnectionException: Database is already closed (to disable automatic closing at VM shutdown, add ";DB_CLOSE_ON_EXIT=FALSE" to the db URL) [90121-232]
2025-06-07T18:29:42.428+05:30  INFO 48732 --- [zero-mile-delivery] [Thread-5] com.zaxxer.hikari.HikariDataSource       : HikariPool-1 - Shutdown initiated...
2025-06-07T18:29:42.458+05:30  INFO 48732 --- [zero-mile-delivery] [Thread-5] com.zaxxer.hikari.HikariDataSource       : HikariPool-1 - Shutdown completed.
2025-06-07T18:29:43.337+05:30  INFO 48732 --- [zero-mile-delivery] [restartedMain] c.t.z.ZeroMileDeliveryApplication        : Starting ZeroMileDeliveryApplication using Java 21.0.4 with PID 48732 (C:\Users\91938\eclipse-workspace\aws-internship\zero-mile-delivery\target\classes started by 91938 in C:\Users\91938\eclipse-workspace\aws-internship\zero-mile-delivery)
2025-06-07T18:29:43.337+05:30 DEBUG 48732 --- [zero-mile-delivery] [restartedMain] c.t.z.ZeroMileDeliveryApplication        : Running with Spring Boot v3.5.0, Spring v6.2.7
2025-06-07T18:29:43.337+05:30  INFO 48732 --- [zero-mile-delivery] [restartedMain] c.t.z.ZeroMileDeliveryApplication        : No active profile set, falling back to 1 default profile: "default"
2025-06-07T18:29:43.885+05:30  INFO 48732 --- [zero-mile-delivery] [restartedMain] .s.d.r.c.RepositoryConfigurationDelegate : Bootstrapping Spring Data JPA repositories in DEFAULT mode.
2025-06-07T18:29:43.926+05:30  INFO 48732 --- [zero-mile-delivery] [restartedMain] .s.d.r.c.RepositoryConfigurationDelegate : Finished Spring Data repository scanning in 36 ms. Found 1 JPA repository interface.
2025-06-07T18:29:44.256+05:30  INFO 48732 --- [zero-mile-delivery] [restartedMain] o.s.b.w.embedded.tomcat.TomcatWebServer  : Tomcat initialized with port 8080 (http)
2025-06-07T18:29:44.260+05:30  INFO 48732 --- [zero-mile-delivery] [restartedMain] o.apache.catalina.core.StandardService   : Starting service [Tomcat]
2025-06-07T18:29:44.260+05:30  INFO 48732 --- [zero-mile-delivery] [restartedMain] o.apache.catalina.core.StandardEngine    : Starting Servlet engine: [Apache Tomcat/10.1.41]
2025-06-07T18:29:44.302+05:30  INFO 48732 --- [zero-mile-delivery] [restartedMain] o.a.c.c.C.[Tomcat].[localhost].[/]       : Initializing Spring embedded WebApplicationContext
2025-06-07T18:29:44.302+05:30  INFO 48732 --- [zero-mile-delivery] [restartedMain] w.s.c.ServletWebServerApplicationContext : Root WebApplicationContext: initialization completed in 961 ms
2025-06-07T18:29:44.380+05:30  INFO 48732 --- [zero-mile-delivery] [restartedMain] o.hibernate.jpa.internal.util.LogHelper  : HHH000204: Processing PersistenceUnitInfo [name: default]
2025-06-07T18:29:44.387+05:30  INFO 48732 --- [zero-mile-delivery] [restartedMain] o.h.c.internal.RegionFactoryInitiator    : HHH000026: Second-level cache disabled
2025-06-07T18:29:44.417+05:30  INFO 48732 --- [zero-mile-delivery] [restartedMain] o.s.o.j.p.SpringPersistenceUnitInfo      : No LoadTimeWeaver setup: ignoring JPA class transformer
2025-06-07T18:29:44.419+05:30  INFO 48732 --- [zero-mile-delivery] [restartedMain] com.zaxxer.hikari.HikariDataSource       : HikariPool-2 - Starting...
2025-06-07T18:29:44.424+05:30  INFO 48732 --- [zero-mile-delivery] [restartedMain] com.zaxxer.hikari.pool.HikariPool        : HikariPool-2 - Added connection conn10: url=jdbc:h2:mem:zeromile user=SA
2025-06-07T18:29:44.425+05:30  INFO 48732 --- [zero-mile-delivery] [restartedMain] com.zaxxer.hikari.HikariDataSource       : HikariPool-2 - Start completed.
2025-06-07T18:29:44.427+05:30  WARN 48732 --- [zero-mile-delivery] [restartedMain] org.hibernate.orm.deprecation            : HHH90000025: H2Dialect does not need to be specified explicitly using 'hibernate.dialect' (remove the property setting and it will be selected by default)
2025-06-07T18:29:44.428+05:30  INFO 48732 --- [zero-mile-delivery] [restartedMain] org.hibernate.orm.connections.pooling    : HHH10001005: Database info:
	Database JDBC URL [Connecting through datasource 'HikariDataSource (HikariPool-2)']
	Database driver: undefined/unknown
	Database version: 2.3.232
	Autocommit mode: undefined/unknown
	Isolation level: undefined/unknown
	Minimum pool size: undefined/unknown
	Maximum pool size: undefined/unknown
2025-06-07T18:29:44.549+05:30  INFO 48732 --- [zero-mile-delivery] [restartedMain] o.h.e.t.j.p.i.JtaPlatformInitiator       : HHH000489: No JTA platform available (set 'hibernate.transaction.jta.platform' to enable JTA platform integration)
2025-06-07T18:29:44.558+05:30  INFO 48732 --- [zero-mile-delivery] [restartedMain] j.LocalContainerEntityManagerFactoryBean : Initialized JPA EntityManagerFactory for persistence unit 'default'
2025-06-07T18:29:44.715+05:30  WARN 48732 --- [zero-mile-delivery] [restartedMain] JpaBaseConfiguration$JpaWebConfiguration : spring.jpa.open-in-view is enabled by default. Therefore, database queries may be performed during view rendering. Explicitly configure spring.jpa.open-in-view to disable this warning
2025-06-07T18:29:44.868+05:30  INFO 48732 --- [zero-mile-delivery] [restartedMain] o.s.b.a.h2.H2ConsoleAutoConfiguration    : H2 console available at '/h2-console'. Database available at 'jdbc:h2:mem:zeromile'
2025-06-07T18:29:44.907+05:30  INFO 48732 --- [zero-mile-delivery] [restartedMain] o.s.b.d.a.OptionalLiveReloadServer       : LiveReload server is running on port 35729
2025-06-07T18:29:44.943+05:30  INFO 48732 --- [zero-mile-delivery] [restartedMain] o.s.b.w.embedded.tomcat.TomcatWebServer  : Tomcat started on port 8080 (http) with context path '/'
2025-06-07T18:29:44.952+05:30  INFO 48732 --- [zero-mile-delivery] [restartedMain] c.t.z.ZeroMileDeliveryApplication        : Started ZeroMileDeliveryApplication in 1.763 seconds (process running for 900.097)
2025-06-07T18:29:44.956+05:30  INFO 48732 --- [zero-mile-delivery] [restartedMain] .ConditionEvaluationDeltaLoggingListener : Condition evaluation unchanged
2025-06-07T18:30:05.665+05:30  INFO 48732 --- [zero-mile-delivery] [http-nio-8080-exec-1] o.a.c.c.C.[Tomcat].[localhost].[/]       : Initializing Spring DispatcherServlet 'dispatcherServlet'
2025-06-07T18:30:05.665+05:30  INFO 48732 --- [zero-mile-delivery] [http-nio-8080-exec-1] o.s.web.servlet.DispatcherServlet        : Initializing Servlet 'dispatcherServlet'
2025-06-07T18:30:05.667+05:30  INFO 48732 --- [zero-mile-delivery] [http-nio-8080-exec-1] o.s.web.servlet.DispatcherServlet        : Completed initialization in 2 ms
2025-06-07T18:30:06.071+05:30  INFO 48732 --- [zero-mile-delivery] [http-nio-8080-exec-1] c.t.zeromile.service.ParcelService       : Created new parcel with ID: 1
2025-06-07T18:30:20.863+05:30  INFO 48732 --- [zero-mile-delivery] [http-nio-8080-exec-3] c.t.zeromile.service.ParcelService       : Fetching all parcels
2025-06-07T18:30:54.955+05:30  INFO 48732 --- [zero-mile-delivery] [http-nio-8080-exec-6] c.t.zeromile.service.ParcelService       : Fetching all parcels
2025-06-07T18:30:54.975+05:30  INFO 48732 --- [zero-mile-delivery] [http-nio-8080-exec-7] c.t.zeromile.service.ParcelService       : Fetching all parcels
2025-06-07T18:32:13.328+05:30  INFO 48732 --- [zero-mile-delivery] [http-nio-8080-exec-10] c.t.zeromile.service.ParcelService       : Created new parcel with ID: 2
2025-06-07T18:32:22.741+05:30  INFO 48732 --- [zero-mile-delivery] [http-nio-8080-exec-1] c.t.zeromile.service.ParcelService       : Fetching all parcels
2025-06-07T18:32:22.762+05:30  INFO 48732 --- [zero-mile-delivery] [http-nio-8080-exec-2] c.t.zeromile.service.ParcelService       : Fetching all parcels
2025-06-07T18:32:38.775+05:30  INFO 48732 --- [zero-mile-delivery] [http-nio-8080-exec-3] c.t.zeromile.service.ParcelService       : Fetching all parcels
2025-06-07T18:34:11.921+05:30 DEBUG 48732 --- [zero-mile-delivery] [http-nio-8080-exec-9] c.t.zeromile.service.ParcelService       : Updating parcel with ID: 2
2025-06-07T18:34:12.305+05:30  INFO 48732 --- [zero-mile-delivery] [http-nio-8080-exec-9] c.t.zeromile.service.ParcelService       : Updated parcel with ID: 2
2025-06-07T18:34:19.703+05:30  INFO 48732 --- [zero-mile-delivery] [http-nio-8080-exec-10] c.t.zeromile.service.ParcelService       : Fetching all parcels
2025-06-07T18:34:42.340+05:30  INFO 48732 --- [zero-mile-delivery] [http-nio-8080-exec-3] c.t.zeromile.service.ParcelService       : Fetching all parcels
2025-06-07T18:34:42.350+05:30  INFO 48732 --- [zero-mile-delivery] [http-nio-8080-exec-4] c.t.zeromile.service.ParcelService       : Fetching all parcels
2025-06-07T18:36:36.752+05:30  INFO 48732 --- [zero-mile-delivery] [http-nio-8080-exec-6] c.t.zeromile.service.ParcelService       : Created new parcel with ID: 3
2025-06-07T18:36:42.268+05:30  INFO 48732 --- [zero-mile-delivery] [http-nio-8080-exec-9] c.t.zeromile.service.ParcelService       : Fetching all parcels
2025-06-07T18:36:42.291+05:30  INFO 48732 --- [zero-mile-delivery] [http-nio-8080-exec-8] c.t.zeromile.service.ParcelService       : Fetching all parcels
2025-06-07T18:37:07.920+05:30  INFO 48732 --- [zero-mile-delivery] [http-nio-8080-exec-2] c.t.zeromile.service.ParcelService       : Fetching all parcels
2025-06-07T18:38:59.585+05:30 DEBUG 48732 --- [zero-mile-delivery] [http-nio-8080-exec-6] c.t.zeromile.service.ParcelService       : Updating parcel with ID: 3
2025-06-07T18:38:59.594+05:30  INFO 48732 --- [zero-mile-delivery] [http-nio-8080-exec-6] c.t.zeromile.service.ParcelService       : Updated parcel with ID: 3
2025-06-07T18:39:09.364+05:30  INFO 48732 --- [zero-mile-delivery] [http-nio-8080-exec-9] c.t.zeromile.service.ParcelService       : Fetching all parcels
2025-06-07T18:39:09.382+05:30  INFO 48732 --- [zero-mile-delivery] [http-nio-8080-exec-8] c.t.zeromile.service.ParcelService       : Fetching all parcels
2025-06-07T18:39:50.364+05:30 DEBUG 48732 --- [zero-mile-delivery] [http-nio-8080-exec-1] c.t.zeromile.service.ParcelService       : Updating parcel with ID: 2
2025-06-07T18:39:50.373+05:30  INFO 48732 --- [zero-mile-delivery] [http-nio-8080-exec-1] c.t.zeromile.service.ParcelService       : Updated parcel with ID: 2
2025-06-07T18:39:53.462+05:30  INFO 48732 --- [zero-mile-delivery] [http-nio-8080-exec-2] c.t.zeromile.service.ParcelService       : Fetching all parcels
2025-06-07T18:39:53.476+05:30  INFO 48732 --- [zero-mile-delivery] [http-nio-8080-exec-4] c.t.zeromile.service.ParcelService       : Fetching all parcels
2025-06-07T18:41:28.596+05:30  INFO 48732 --- [zero-mile-delivery] [http-nio-8080-exec-5] c.t.zeromile.service.ParcelService       : Created new parcel with ID: 4
2025-06-07T18:41:34.681+05:30  INFO 48732 --- [zero-mile-delivery] [http-nio-8080-exec-6] c.t.zeromile.service.ParcelService       : Fetching all parcels
2025-06-07T18:41:34.698+05:30  INFO 48732 --- [zero-mile-delivery] [http-nio-8080-exec-7] c.t.zeromile.service.ParcelService       : Fetching all parcels
2025-06-07T18:42:33.862+05:30  INFO 48732 --- [zero-mile-delivery] [http-nio-8080-exec-10] c.t.zeromile.service.ParcelService       : Fetching all parcels
2025-06-07T18:43:55.329+05:30  INFO 48732 --- [zero-mile-delivery] [http-nio-8080-exec-4] c.t.zeromile.service.ParcelService       : Created new parcel with ID: 5
2025-06-07T18:43:58.563+05:30  INFO 48732 --- [zero-mile-delivery] [http-nio-8080-exec-3] c.t.zeromile.service.ParcelService       : Fetching all parcels
2025-06-07T18:43:58.579+05:30  INFO 48732 --- [zero-mile-delivery] [http-nio-8080-exec-5] c.t.zeromile.service.ParcelService       : Fetching all parcels
2025-06-07T18:44:04.695+05:30 DEBUG 48732 --- [zero-mile-delivery] [http-nio-8080-exec-8] c.t.zeromile.service.ParcelService       : Attempting to delete parcel with ID: 5
2025-06-07T18:44:05.372+05:30  INFO 48732 --- [zero-mile-delivery] [http-nio-8080-exec-8] c.t.zeromile.service.ParcelService       : Deleted parcel with ID: 5
2025-06-07T18:44:05.378+05:30  INFO 48732 --- [zero-mile-delivery] [http-nio-8080-exec-10] c.t.zeromile.service.ParcelService       : Fetching all parcels
2025-06-07T18:44:08.966+05:30  INFO 48732 --- [zero-mile-delivery] [http-nio-8080-exec-1] c.t.zeromile.service.ParcelService       : Fetching all parcels
2025-06-07T18:44:08.975+05:30  INFO 48732 --- [zero-mile-delivery] [http-nio-8080-exec-2] c.t.zeromile.service.ParcelService       : Fetching all parcels
2025-06-07T18:44:21.167+05:30  INFO 48732 --- [zero-mile-delivery] [http-nio-8080-exec-3] c.t.zeromile.service.ParcelService       : Fetching all parcels
2025-06-07T18:45:01.279+05:30  INFO 48732 --- [zero-mile-delivery] [http-nio-8080-exec-7] c.t.zeromile.service.ParcelService       : Fetching all parcels
2025-06-07T18:45:52.818+05:30  INFO 48732 --- [zero-mile-delivery] [http-nio-8080-exec-10] c.t.zeromile.service.ParcelService       : Fetching all parcels
2025-06-07T18:45:52.830+05:30  INFO 48732 --- [zero-mile-delivery] [http-nio-8080-exec-1] c.t.zeromile.service.ParcelService       : Fetching all parcels
2025-06-07T18:45:59.085+05:30  INFO 48732 --- [zero-mile-delivery] [http-nio-8080-exec-2] c.t.zeromile.service.ParcelService       : Fetching all parcels
2025-06-07T18:45:59.094+05:30  INFO 48732 --- [zero-mile-delivery] [http-nio-8080-exec-4] c.t.zeromile.service.ParcelService       : Fetching all parcels
2025-06-07T18:46:02.498+05:30  INFO 48732 --- [zero-mile-delivery] [http-nio-8080-exec-3] c.t.zeromile.service.ParcelService       : Fetching all parcels
2025-06-07T18:46:02.511+05:30  INFO 48732 --- [zero-mile-delivery] [http-nio-8080-exec-5] c.t.zeromile.service.ParcelService       : Fetching all parcels
2025-06-07T18:46:27.977+05:30  INFO 48732 --- [zero-mile-delivery] [http-nio-8080-exec-7] c.t.zeromile.service.ParcelService       : Fetching all parcels
2025-06-07T18:46:27.988+05:30  INFO 48732 --- [zero-mile-delivery] [http-nio-8080-exec-9] c.t.zeromile.service.ParcelService       : Fetching all parcels
2025-06-07T18:49:41.696+05:30  INFO 48732 --- [zero-mile-delivery] [File Watcher] rtingClassPathChangeChangedEventListener : Restarting due to 3 class path changes (0 additions, 0 deletions, 3 modifications)
2025-06-07T18:49:41.807+05:30  INFO 48732 --- [zero-mile-delivery] [Thread-7] o.s.b.w.e.tomcat.GracefulShutdown        : Commencing graceful shutdown. Waiting for active requests to complete
2025-06-07T18:49:41.894+05:30  INFO 48732 --- [zero-mile-delivery] [tomcat-shutdown] o.s.b.w.e.tomcat.GracefulShutdown        : Graceful shutdown complete
2025-06-07T18:49:41.967+05:30  INFO 48732 --- [zero-mile-delivery] [Thread-7] j.LocalContainerEntityManagerFactoryBean : Closing JPA EntityManagerFactory for persistence unit 'default'
2025-06-07T18:49:42.580+05:30  WARN 48732 --- [zero-mile-delivery] [Thread-7] o.s.b.f.support.DisposableBeanAdapter    : Invocation of destroy method failed on bean with name 'inMemoryDatabaseShutdownExecutor': org.h2.jdbc.JdbcSQLNonTransientConnectionException: Database is already closed (to disable automatic closing at VM shutdown, add ";DB_CLOSE_ON_EXIT=FALSE" to the db URL) [90121-232]
2025-06-07T18:49:42.583+05:30  INFO 48732 --- [zero-mile-delivery] [Thread-7] com.zaxxer.hikari.HikariDataSource       : HikariPool-2 - Shutdown initiated...
2025-06-07T18:49:42.607+05:30  INFO 48732 --- [zero-mile-delivery] [Thread-7] com.zaxxer.hikari.HikariDataSource       : HikariPool-2 - Shutdown completed.
2025-06-07T18:49:43.620+05:30  INFO 48732 --- [zero-mile-delivery] [restartedMain] c.t.z.ZeroMileDeliveryApplication        : Starting ZeroMileDeliveryApplication using Java 21.0.4 with PID 48732 (C:\Users\91938\eclipse-workspace\aws-internship\zero-mile-delivery\target\classes started by 91938 in C:\Users\91938\eclipse-workspace\aws-internship\zero-mile-delivery)
2025-06-07T18:49:43.621+05:30 DEBUG 48732 --- [zero-mile-delivery] [restartedMain] c.t.z.ZeroMileDeliveryApplication        : Running with Spring Boot v3.5.0, Spring v6.2.7
2025-06-07T18:49:43.621+05:30  INFO 48732 --- [zero-mile-delivery] [restartedMain] c.t.z.ZeroMileDeliveryApplication        : No active profile set, falling back to 1 default profile: "default"
2025-06-07T18:49:43.877+05:30  INFO 48732 --- [zero-mile-delivery] [restartedMain] .s.d.r.c.RepositoryConfigurationDelegate : Bootstrapping Spring Data JPA repositories in DEFAULT mode.
2025-06-07T18:49:43.890+05:30  INFO 48732 --- [zero-mile-delivery] [restartedMain] .s.d.r.c.RepositoryConfigurationDelegate : Finished Spring Data repository scanning in 11 ms. Found 1 JPA repository interface.
2025-06-07T18:49:44.174+05:30  INFO 48732 --- [zero-mile-delivery] [restartedMain] o.s.b.w.embedded.tomcat.TomcatWebServer  : Tomcat initialized with port 8080 (http)
2025-06-07T18:49:44.176+05:30  INFO 48732 --- [zero-mile-delivery] [restartedMain] o.apache.catalina.core.StandardService   : Starting service [Tomcat]
2025-06-07T18:49:44.176+05:30  INFO 48732 --- [zero-mile-delivery] [restartedMain] o.apache.catalina.core.StandardEngine    : Starting Servlet engine: [Apache Tomcat/10.1.41]
2025-06-07T18:49:44.209+05:30  INFO 48732 --- [zero-mile-delivery] [restartedMain] o.a.c.c.C.[Tomcat].[localhost].[/]       : Initializing Spring embedded WebApplicationContext
2025-06-07T18:49:44.209+05:30  INFO 48732 --- [zero-mile-delivery] [restartedMain] w.s.c.ServletWebServerApplicationContext : Root WebApplicationContext: initialization completed in 585 ms
2025-06-07T18:49:44.294+05:30  INFO 48732 --- [zero-mile-delivery] [restartedMain] o.hibernate.jpa.internal.util.LogHelper  : HHH000204: Processing PersistenceUnitInfo [name: default]
2025-06-07T18:49:44.311+05:30  INFO 48732 --- [zero-mile-delivery] [restartedMain] o.h.c.internal.RegionFactoryInitiator    : HHH000026: Second-level cache disabled
2025-06-07T18:49:44.343+05:30  INFO 48732 --- [zero-mile-delivery] [restartedMain] o.s.o.j.p.SpringPersistenceUnitInfo      : No LoadTimeWeaver setup: ignoring JPA class transformer
2025-06-07T18:49:44.346+05:30  INFO 48732 --- [zero-mile-delivery] [restartedMain] com.zaxxer.hikari.HikariDataSource       : HikariPool-3 - Starting...
2025-06-07T18:49:44.352+05:30  INFO 48732 --- [zero-mile-delivery] [restartedMain] com.zaxxer.hikari.pool.HikariPool        : HikariPool-3 - Added connection conn20: url=jdbc:h2:mem:zeromile user=SA
2025-06-07T18:49:44.353+05:30  INFO 48732 --- [zero-mile-delivery] [restartedMain] com.zaxxer.hikari.HikariDataSource       : HikariPool-3 - Start completed.
2025-06-07T18:49:44.356+05:30  WARN 48732 --- [zero-mile-delivery] [restartedMain] org.hibernate.orm.deprecation            : HHH90000025: H2Dialect does not need to be specified explicitly using 'hibernate.dialect' (remove the property setting and it will be selected by default)
2025-06-07T18:49:44.356+05:30  INFO 48732 --- [zero-mile-delivery] [restartedMain] org.hibernate.orm.connections.pooling    : HHH10001005: Database info:
	Database JDBC URL [Connecting through datasource 'HikariDataSource (HikariPool-3)']
	Database driver: undefined/unknown
	Database version: 2.3.232
	Autocommit mode: undefined/unknown
	Isolation level: undefined/unknown
	Minimum pool size: undefined/unknown
	Maximum pool size: undefined/unknown
2025-06-07T18:49:44.399+05:30  INFO 48732 --- [zero-mile-delivery] [restartedMain] o.h.e.t.j.p.i.JtaPlatformInitiator       : HHH000489: No JTA platform available (set 'hibernate.transaction.jta.platform' to enable JTA platform integration)
2025-06-07T18:49:44.404+05:30  INFO 48732 --- [zero-mile-delivery] [restartedMain] j.LocalContainerEntityManagerFactoryBean : Initialized JPA EntityManagerFactory for persistence unit 'default'
2025-06-07T18:49:44.473+05:30  WARN 48732 --- [zero-mile-delivery] [restartedMain] JpaBaseConfiguration$JpaWebConfiguration : spring.jpa.open-in-view is enabled by default. Therefore, database queries may be performed during view rendering. Explicitly configure spring.jpa.open-in-view to disable this warning
2025-06-07T18:49:44.548+05:30  INFO 48732 --- [zero-mile-delivery] [restartedMain] o.s.b.a.h2.H2ConsoleAutoConfiguration    : H2 console available at '/h2-console'. Database available at 'jdbc:h2:mem:zeromile'
2025-06-07T18:49:44.569+05:30  INFO 48732 --- [zero-mile-delivery] [restartedMain] o.s.b.d.a.OptionalLiveReloadServer       : LiveReload server is running on port 35729
2025-06-07T18:49:44.590+05:30  INFO 48732 --- [zero-mile-delivery] [restartedMain] o.s.b.w.embedded.tomcat.TomcatWebServer  : Tomcat started on port 8080 (http) with context path '/'
2025-06-07T18:49:44.596+05:30  INFO 48732 --- [zero-mile-delivery] [restartedMain] c.t.z.ZeroMileDeliveryApplication        : Started ZeroMileDeliveryApplication in 1.04 seconds (process running for 2099.741)
2025-06-07T18:49:44.598+05:30  INFO 48732 --- [zero-mile-delivery] [restartedMain] .ConditionEvaluationDeltaLoggingListener : Condition evaluation unchanged
2025-06-07T18:49:53.496+05:30  INFO 48732 --- [zero-mile-delivery] [http-nio-8080-exec-2] o.a.c.c.C.[Tomcat].[localhost].[/]       : Initializing Spring DispatcherServlet 'dispatcherServlet'
2025-06-07T18:49:53.496+05:30  INFO 48732 --- [zero-mile-delivery] [http-nio-8080-exec-2] o.s.web.servlet.DispatcherServlet        : Initializing Servlet 'dispatcherServlet'
2025-06-07T18:49:53.497+05:30  INFO 48732 --- [zero-mile-delivery] [http-nio-8080-exec-2] o.s.web.servlet.DispatcherServlet        : Completed initialization in 1 ms
2025-06-07T18:49:53.499+05:30  INFO 48732 --- [zero-mile-delivery] [http-nio-8080-exec-2] c.t.zeromile.service.ParcelService       : Fetching all parcels
2025-06-07T18:49:53.516+05:30  INFO 48732 --- [zero-mile-delivery] [http-nio-8080-exec-3] c.t.zeromile.service.ParcelService       : Fetching all parcels
2025-06-07T18:50:04.801+05:30  INFO 48732 --- [zero-mile-delivery] [http-nio-8080-exec-7] c.t.zeromile.service.ParcelService       : Fetching all parcels
2025-06-07T18:50:29.565+05:30  INFO 48732 --- [zero-mile-delivery] [http-nio-8080-exec-5] c.t.zeromile.service.ParcelService       : Fetching all parcels
2025-06-07T18:50:29.574+05:30  INFO 48732 --- [zero-mile-delivery] [http-nio-8080-exec-10] c.t.zeromile.service.ParcelService       : Fetching all parcels
2025-06-07T18:50:42.677+05:30  INFO 48732 --- [zero-mile-delivery] [http-nio-8080-exec-3] c.t.zeromile.service.ParcelService       : Fetching all parcels
2025-06-07T18:50:42.689+05:30  INFO 48732 --- [zero-mile-delivery] [http-nio-8080-exec-4] c.t.zeromile.service.ParcelService       : Fetching all parcels
2025-06-07T18:51:26.063+05:30  INFO 48732 --- [zero-mile-delivery] [http-nio-8080-exec-7] c.t.zeromile.service.ParcelService       : Created new parcel with ID: 1
2025-06-07T18:51:36.646+05:30  INFO 48732 --- [zero-mile-delivery] [http-nio-8080-exec-1] c.t.zeromile.service.ParcelService       : Fetching all parcels
2025-06-07T18:51:49.349+05:30  INFO 48732 --- [zero-mile-delivery] [http-nio-8080-exec-2] c.t.zeromile.service.ParcelService       : Fetching all parcels
2025-06-07T18:51:49.361+05:30  INFO 48732 --- [zero-mile-delivery] [http-nio-8080-exec-9] c.t.zeromile.service.ParcelService       : Fetching all parcels
2025-06-07T19:03:46.896+05:30  INFO 48732 --- [zero-mile-delivery] [http-nio-8080-exec-10] c.t.zeromile.service.ParcelService       : Fetching all parcels
2025-06-07T19:03:47.502+05:30  INFO 48732 --- [zero-mile-delivery] [http-nio-8080-exec-8] c.t.zeromile.service.ParcelService       : Fetching all parcels
2025-06-07T19:03:56.050+05:30  INFO 48732 --- [zero-mile-delivery] [http-nio-8080-exec-9] c.t.zeromile.service.ParcelService       : Fetching all parcels
2025-06-07T19:03:56.063+05:30  INFO 48732 --- [zero-mile-delivery] [http-nio-8080-exec-5] c.t.zeromile.service.ParcelService       : Fetching all parcels
2025-06-07T20:01:33.641+05:30  INFO 48732 --- [zero-mile-delivery] [RMI TCP Connection(123)-127.0.0.1] inMXBeanRegistrar$SpringApplicationAdmin : Application shutdown requested.
2025-06-07T20:01:33.834+05:30  INFO 48732 --- [zero-mile-delivery] [RMI TCP Connection(123)-127.0.0.1] o.s.b.w.e.tomcat.GracefulShutdown        : Commencing graceful shutdown. Waiting for active requests to complete
2025-06-07T20:01:33.906+05:30  INFO 48732 --- [zero-mile-delivery] [tomcat-shutdown] o.s.b.w.e.tomcat.GracefulShutdown        : Graceful shutdown complete
2025-06-07T20:01:33.978+05:30  INFO 48732 --- [zero-mile-delivery] [RMI TCP Connection(123)-127.0.0.1] j.LocalContainerEntityManagerFactoryBean : Closing JPA EntityManagerFactory for persistence unit 'default'
2025-06-07T20:01:34.104+05:30  WARN 48732 --- [zero-mile-delivery] [RMI TCP Connection(123)-127.0.0.1] o.s.b.f.support.DisposableBeanAdapter    : Invocation of destroy method failed on bean with name 'inMemoryDatabaseShutdownExecutor': org.h2.jdbc.JdbcSQLNonTransientConnectionException: Database is already closed (to disable automatic closing at VM shutdown, add ";DB_CLOSE_ON_EXIT=FALSE" to the db URL) [90121-232]
2025-06-07T20:01:34.105+05:30  INFO 48732 --- [zero-mile-delivery] [RMI TCP Connection(123)-127.0.0.1] com.zaxxer.hikari.HikariDataSource       : HikariPool-3 - Shutdown initiated...
2025-06-07T20:01:34.122+05:30  INFO 48732 --- [zero-mile-delivery] [RMI TCP Connection(123)-127.0.0.1] com.zaxxer.hikari.HikariDataSource       : HikariPool-3 - Shutdown completed.
